<?xml version="1.0" encoding="utf-8" standalone="no"?>
<test-run id="2" testcasecount="1" result="Passed" total="1" passed="1" failed="0" inconclusive="0" skipped="0" asserts="1" engine-version="3.7.0.0" clr-version="2.0.50727.8762" start-time="2018-01-10 04:20:29Z" end-time="2018-01-10 04:20:33Z" duration="4.253189">
  <command-line><![CDATA["C:\BackUp\Work\Test Solutions\DevOpsDemo\packages\NUnit.ConsoleRunner.3.7.0\tools\nunit-console.exe" "C:\BackUp\Work\Test Solutions\DevOpsDemo\DevOpsDemo.Test\bin\Debug\DevOpsDemo.Test.dll" --params Path=C:]]></command-line>
  <test-suite type="Assembly" id="0-1003" name="DevOpsDemo.Test.dll" fullname="C:\BackUp\Work\Test Solutions\DevOpsDemo\DevOpsDemo.Test\bin\Debug\DevOpsDemo.Test.dll" runstate="Runnable" testcasecount="1" result="Passed" start-time="2018-01-10 04:20:33Z" end-time="2018-01-10 04:20:33Z" duration="0.278796" total="1" passed="1" failed="0" warnings="0" inconclusive="0" skipped="0" asserts="1">
    <environment framework-version="3.9.0.0" clr-version="4.0.30319.42000" os-version="Microsoft Windows NT 6.1.7601.65536" platform="Win32NT" cwd="C:\BackUp\Work\Test Solutions\DevOpsDemo" machine-name="R90BWA9C" user="eqruuwq" user-domain="ERICSSON" culture="en-US" uiculture="en-US" os-architecture="x64" />
    <settings>
      <setting name="DisposeRunners" value="True" />
      <setting name="WorkDirectory" value="C:\BackUp\Work\Test Solutions\DevOpsDemo" />
      <setting name="TestParametersDictionary" value="[Path, C:]">
        <item key="Path" value="C:" />
      </setting>
      <setting name="TestParameters" value="Path=C:" />
      <setting name="ImageRuntimeVersion" value="4.0.30319" />
      <setting name="ImageTargetFrameworkName" value=".NETFramework,Version=v4.6" />
      <setting name="ImageRequiresX86" value="False" />
      <setting name="ImageRequiresDefaultAppDomainAssemblyResolver" value="False" />
      <setting name="NumberOfTestWorkers" value="4" />
    </settings>
    <properties>
      <property name="_PID" value="7024" />
      <property name="_APPDOMAIN" value="domain-" />
    </properties>
    <test-suite type="TestSuite" id="0-1004" name="DevOpsDemo" fullname="DevOpsDemo" runstate="Runnable" testcasecount="1" result="Passed" start-time="2018-01-10 04:20:33Z" end-time="2018-01-10 04:20:33Z" duration="0.253777" total="1" passed="1" failed="0" warnings="0" inconclusive="0" skipped="0" asserts="1">
      <test-suite type="TestSuite" id="0-1005" name="Test" fullname="DevOpsDemo.Test" runstate="Runnable" testcasecount="1" result="Passed" start-time="2018-01-10 04:20:33Z" end-time="2018-01-10 04:20:33Z" duration="0.252722" total="1" passed="1" failed="0" warnings="0" inconclusive="0" skipped="0" asserts="1">
        <test-suite type="TestFixture" id="0-1000" name="UnitTest1" fullname="DevOpsDemo.Test.UnitTest1" classname="DevOpsDemo.Test.UnitTest1" runstate="Runnable" testcasecount="1" result="Passed" start-time="2018-01-10 04:20:33Z" end-time="2018-01-10 04:20:33Z" duration="0.249544" total="1" passed="1" failed="0" warnings="0" inconclusive="0" skipped="0" asserts="1">
          <test-suite type="ParameterizedMethod" id="0-1002" name="TestInputPath" fullname="DevOpsDemo.Test.UnitTest1.TestInputPath" classname="DevOpsDemo.Test.UnitTest1" runstate="Runnable" testcasecount="1" result="Passed" start-time="2018-01-10 04:20:33Z" end-time="2018-01-10 04:20:33Z" duration="0.240077" total="1" passed="1" failed="0" warnings="0" inconclusive="0" skipped="0" asserts="1">
            <test-case id="0-1001" name="TestInputPath()" fullname="DevOpsDemo.Test.UnitTest1.TestInputPath()" methodname="TestInputPath" classname="DevOpsDemo.Test.UnitTest1" runstate="Runnable" seed="1244817100" result="Passed" start-time="2018-01-10 04:20:33Z" end-time="2018-01-10 04:20:33Z" duration="0.230547" asserts="1">
              <output><![CDATA[
############################

Number of directories : 8

############################

C:\BackUp\Work\Test Solutions\DevOpsDemo\.axoCover
C:\BackUp\Work\Test Solutions\DevOpsDemo\.git
C:\BackUp\Work\Test Solutions\DevOpsDemo\.vs
C:\BackUp\Work\Test Solutions\DevOpsDemo\DevOpsDemo
C:\BackUp\Work\Test Solutions\DevOpsDemo\DevOpsDemo.Test
C:\BackUp\Work\Test Solutions\DevOpsDemo\GeneratedReports
C:\BackUp\Work\Test Solutions\DevOpsDemo\packages
C:\BackUp\Work\Test Solutions\DevOpsDemo\TestResults


############################

Number of files : 3

############################

C:\BackUp\Work\Test Solutions\DevOpsDemo\CodeCoverage.bat
C:\BackUp\Work\Test Solutions\DevOpsDemo\DevOpsDemo.sln
C:\BackUp\Work\Test Solutions\DevOpsDemo\TestResult.xml
]]></output>
            </test-case>
          </test-suite>
        </test-suite>
      </test-suite>
    </test-suite>
  </test-suite>
</test-run>